#
# There is insufficient memory for the Java Runtime Environment to continue.
# Native memory allocation (mmap) failed to map 195035136 bytes for committing reserved memory.
# Possible reasons:
#   The system is out of physical RAM or swap space
#   In 32 bit mode, the process size limit was hit
# Possible solutions:
#   Reduce memory load on the system
#   Increase physical memory or swap space
#   Check if swap backing store is full
#   Use 64 bit Java on a 64 bit OS
#   Decrease Java heap size (-Xmx/-Xms)
#   Decrease number of Java threads
#   Decrease Java thread stack sizes (-Xss)
#   Set larger code cache with -XX:ReservedCodeCacheSize=
# This output file may be truncated or incomplete.
#
#  Out of Memory Error (os_linux.cpp:2640), pid=28135, tid=0x00007fd22c28d700
#
# JRE version: OpenJDK Runtime Environment (8.0_152-b01) (build 1.8.0_152-release-915-b01)
# Java VM: OpenJDK 64-Bit Server VM (25.152-b01 mixed mode linux-amd64 compressed oops)
# Core dump written. Default location: /home/max/StudioProjects/flow/TeamCode/core or core.28135
#

---------------  T H R E A D  ---------------

Current thread (0x00007fd240079000):  VMThread [stack: 0x00007fd22c18d000,0x00007fd22c28e000] [id=28145]

Stack: [0x00007fd22c18d000,0x00007fd22c28e000],  sp=0x00007fd22c28c460,  free space=1021k
Native frames: (J=compiled Java code, j=interpreted, Vv=VM code, C=native code)
V  [libjvm.so+0x9eb15d]  VMError::report_and_die()+0x15d
V  [libjvm.so+0x4b8eaa]  report_vm_out_of_memory(char const*, int, unsigned long, VMErrorType, char const*)+0x8a
V  [libjvm.so+0x851370]  os::pd_commit_memory(char*, unsigned long, unsigned long, bool)+0xf0
V  [libjvm.so+0x84be8f]  os::commit_memory(char*, unsigned long, unsigned long, bool)+0x1f
V  [libjvm.so+0x8c261b]  PSVirtualSpace::expand_by(unsigned long)+0x5b
V  [libjvm.so+0x8c3290]  PSYoungGen::resize_generation(unsigned long, unsigned long)+0xb0
V  [libjvm.so+0x8c35ab]  PSYoungGen::resize(unsigned long, unsigned long)+0x1b
V  [libjvm.so+0x8bfc9c]  PSScavenge::invoke_no_policy()+0xdac
V  [libjvm.so+0x8c0478]  PSScavenge::invoke()+0x38
V  [libjvm.so+0x8748f3]  ParallelScavengeHeap::failed_mem_allocate(unsigned long)+0x63
V  [libjvm.so+0x9ecc84]  VM_ParallelGCFailedAllocation::doit()+0x84
V  [libjvm.so+0x9f1197]  VM_Operation::evaluate()+0x47
V  [libjvm.so+0x9efb78]  VMThread::evaluate_operation(VM_Operation*)+0x2c8
V  [libjvm.so+0x9efff9]  VMThread::loop()+0x219
V  [libjvm.so+0x9f0442]  VMThread::run()+0x72
V  [libjvm.so+0x84e792]  java_start(Thread*)+0xf2

VM_Operation (0x00007fd246268130): ParallelGCFailedAllocation, mode: safepoint, requested by thread 0x00007fd24000c000


---------------  P R O C E S S  ---------------

Java Threads: ( => current thread )
  0x00007fd2400c1000 JavaThread "Service Thread" daemon [_thread_blocked, id=28152, stack(0x00007fd22785f000,0x00007fd227960000)]
  0x00007fd2400be000 JavaThread "C1 CompilerThread2" daemon [_thread_blocked, id=28151, stack(0x00007fd227960000,0x00007fd227a61000)]
  0x00007fd2400bc000 JavaThread "C2 CompilerThread1" daemon [_thread_blocked, id=28150, stack(0x00007fd227a61000,0x00007fd227b62000)]
  0x00007fd2400b9800 JavaThread "C2 CompilerThread0" daemon [_thread_blocked, id=28149, stack(0x00007fd227b62000,0x00007fd227c63000)]
  0x00007fd2400b5000 JavaThread "Signal Dispatcher" daemon [_thread_blocked, id=28148, stack(0x00007fd227c63000,0x00007fd227d64000)]
  0x00007fd240085000 JavaThread "Finalizer" daemon [_thread_blocked, id=28147, stack(0x00007fd227eff000,0x00007fd228000000)]
  0x00007fd240080800 JavaThread "Reference Handler" daemon [_thread_blocked, id=28146, stack(0x00007fd22c08c000,0x00007fd22c18d000)]
  0x00007fd24000c000 JavaThread "main" [_thread_blocked, id=28140, stack(0x00007fd246169000,0x00007fd24626a000)]

Other Threads:
=>0x00007fd240079000 VMThread [stack: 0x00007fd22c18d000,0x00007fd22c28e000] [id=28145]
  0x00007fd2400c3800 WatcherThread [stack: 0x00007fd22775e000,0x00007fd22785f000] [id=28153]

VM state:at safepoint (normal execution)

VM Mutex/Monitor currently owned by a thread:  ([mutex/lock_event])
[0x00007fd240008fa0] Threads_lock - owner thread: 0x00007fd240079000
[0x00007fd2400094a0] Heap_lock - owner thread: 0x00007fd24000c000

Heap:
 PSYoungGen      total 132096K, used 5118K [0x00000000eab00000, 0x00000000f3100000, 0x0000000100000000)
  eden space 126976K, 0% used [0x00000000eab00000,0x00000000eab00000,0x00000000f2700000)
  from space 5120K, 99% used [0x00000000f2700000,0x00000000f2bff808,0x00000000f2c00000)
  to   space 5120K, 0% used [0x00000000f2c00000,0x00000000f2c00000,0x00000000f3100000)
 ParOldGen       total 84992K, used 56705K [0x00000000c0000000, 0x00000000c5300000, 0x00000000eab00000)
  object space 84992K, 66% used [0x00000000c0000000,0x00000000c3760588,0x00000000c5300000)
 Metaspace       used 4749K, capacity 5464K, committed 5760K, reserved 1056768K
  class space    used 494K, capacity 528K, committed 640K, reserved 1048576K

Card table byte_map: [0x00007fd2303e2000,0x00007fd2305e3000] byte_map_base: 0x00007fd22fde2000

Marking Bits: (ParMarkBitMap*) 0x00007fd24564d3e0
 Begin Bits: [0x00007fd22de88000, 0x00007fd22ee88000)
 End Bits:   [0x00007fd22ee88000, 0x00007fd22fe88000)

Polling page: 0x00007fd24628d000

CodeCache: size=245760Kb used=3837Kb max_used=3841Kb free=241922Kb
 bounds [0x00007fd2309a3000, 0x00007fd230d73000, 0x00007fd23f9a3000]
 total_blobs=1409 nmethods=1135 adapters=189
 compilation: enabled

Compilation events (10 events):
Event: 1.746 Thread 0x00007fd2400be000 1159       3       com.android.dx.io.instructions.FourRegisterDecodedInstruction::withIndex (45 bytes)
Event: 1.747 Thread 0x00007fd2400be000 nmethod 1159 0x00007fd230d64190 code [0x00007fd230d64320, 0x00007fd230d648a8]
Event: 1.747 Thread 0x00007fd2400bc000 nmethod 1070 0x00007fd230d64990 code [0x00007fd230d64bc0, 0x00007fd230d65978]
Event: 1.748 Thread 0x00007fd2400b9800 nmethod 1151 0x00007fd230d666d0 code [0x00007fd230d66880, 0x00007fd230d66e58]
Event: 1.750 Thread 0x00007fd2400bc000 1160       4       com.android.dx.merge.DexMerger::transformCode (234 bytes)
Event: 1.751 Thread 0x00007fd2400be000 1161       3       com.android.dx.io.instructions.InstructionCodec$16::decode (58 bytes)
Event: 1.752 Thread 0x00007fd2400be000 nmethod 1161 0x00007fd230d5fc10 code [0x00007fd230d5fe00, 0x00007fd230d60758]
Event: 1.752 Thread 0x00007fd2400be000 1162       3       com.android.dx.io.instructions.InstructionCodec$16::encode (37 bytes)
Event: 1.753 Thread 0x00007fd2400be000 nmethod 1162 0x00007fd230d62f10 code [0x00007fd230d63100, 0x00007fd230d63cc8]
Event: 1.755 Thread 0x00007fd2400be000 1163       3       com.android.dx.merge.DexMerger::transformClassDef (160 bytes)

GC Heap History (9 events):
Event: 0.276 GC heap before
{Heap before GC invocations=1 (full 0):
 PSYoungGen      total 36864K, used 31614K [0x00000000eab00000, 0x00000000ed400000, 0x0000000100000000)
  eden space 31744K, 99% used [0x00000000eab00000,0x00000000ec9dfb48,0x00000000eca00000)
  from space 5120K, 0% used [0x00000000ecf00000,0x00000000ecf00000,0x00000000ed400000)
  to   space 5120K, 0% used [0x00000000eca00000,0x00000000eca00000,0x00000000ecf00000)
 ParOldGen       total 84992K, used 0K [0x00000000c0000000, 0x00000000c5300000, 0x00000000eab00000)
  object space 84992K, 0% used [0x00000000c0000000,0x00000000c0000000,0x00000000c5300000)
 Metaspace       used 3556K, capacity 4720K, committed 4864K, reserved 1056768K
  class space    used 378K, capacity 424K, committed 512K, reserved 1048576K
Event: 0.279 GC heap after
Heap after GC invocations=1 (full 0):
 PSYoungGen      total 36864K, used 5108K [0x00000000eab00000, 0x00000000ef300000, 0x0000000100000000)
  eden space 31744K, 0% used [0x00000000eab00000,0x00000000eab00000,0x00000000eca00000)
  from space 5120K, 99% used [0x00000000eca00000,0x00000000ecefd198,0x00000000ecf00000)
  to   space 5120K, 0% used [0x00000000eee00000,0x00000000eee00000,0x00000000ef300000)
 ParOldGen       total 84992K, used 3935K [0x00000000c0000000, 0x00000000c5300000, 0x00000000eab00000)
  object space 84992K, 4% used [0x00000000c0000000,0x00000000c03d7ec0,0x00000000c5300000)
 Metaspace       used 3556K, capacity 4720K, committed 4864K, reserved 1056768K
  class space    used 378K, capacity 424K, committed 512K, reserved 1048576K
}
Event: 0.446 GC heap before
{Heap before GC invocations=2 (full 0):
 PSYoungGen      total 36864K, used 36852K [0x00000000eab00000, 0x00000000ef300000, 0x0000000100000000)
  eden space 31744K, 100% used [0x00000000eab00000,0x00000000eca00000,0x00000000eca00000)
  from space 5120K, 99% used [0x00000000eca00000,0x00000000ecefd198,0x00000000ecf00000)
  to   space 5120K, 0% used [0x00000000eee00000,0x00000000eee00000,0x00000000ef300000)
 ParOldGen       total 84992K, used 3935K [0x00000000c0000000, 0x00000000c5300000, 0x00000000eab00000)
  object space 84992K, 4% used [0x00000000c0000000,0x00000000c03d7ec0,0x00000000c5300000)
 Metaspace       used 3853K, capacity 4944K, committed 5120K, reserved 1056768K
  class space    used 407K, capacity 456K, committed 512K, reserved 1048576K
Event: 0.458 GC heap after
Heap after GC invocations=2 (full 0):
 PSYoungGen      total 68608K, used 5114K [0x00000000eab00000, 0x00000000ef300000, 0x0000000100000000)
  eden space 63488K, 0% used [0x00000000eab00000,0x00000000eab00000,0x00000000ee900000)
  from space 5120K, 99% used [0x00000000eee00000,0x00000000ef2fead8,0x00000000ef300000)
  to   space 5120K, 0% used [0x00000000ee900000,0x00000000ee900000,0x00000000eee00000)
 ParOldGen       total 84992K, used 37690K [0x00000000c0000000, 0x00000000c5300000, 0x00000000eab00000)
  object space 84992K, 44% used [0x00000000c0000000,0x00000000c24ce870,0x00000000c5300000)
 Metaspace       used 3853K, capacity 4944K, committed 5120K, reserved 1056768K
  class space    used 407K, capacity 456K, committed 512K, reserved 1048576K
}
Event: 1.052 GC heap before
{Heap before GC invocations=3 (full 0):
 PSYoungGen      total 68608K, used 68602K [0x00000000eab00000, 0x00000000ef300000, 0x0000000100000000)
  eden space 63488K, 100% used [0x00000000eab00000,0x00000000ee900000,0x00000000ee900000)
  from space 5120K, 99% used [0x00000000eee00000,0x00000000ef2fead8,0x00000000ef300000)
  to   space 5120K, 0% used [0x00000000ee900000,0x00000000ee900000,0x00000000eee00000)
 ParOldGen       total 84992K, used 37690K [0x00000000c0000000, 0x00000000c5300000, 0x00000000eab00000)
  object space 84992K, 44% used [0x00000000c0000000,0x00000000c24ce870,0x00000000c5300000)
 Metaspace       used 4410K, capacity 5424K, committed 5632K, reserved 1056768K
  class space    used 459K, capacity 488K, committed 512K, reserved 1048576K
Event: 1.064 GC heap after
Heap after GC invocations=3 (full 0):
 PSYoungGen      total 68608K, used 5117K [0x00000000eab00000, 0x00000000f3100000, 0x0000000100000000)
  eden space 63488K, 0% used [0x00000000eab00000,0x00000000eab00000,0x00000000ee900000)
  from space 5120K, 99% used [0x00000000ee900000,0x00000000eedff468,0x00000000eee00000)
  to   space 5120K, 0% used [0x00000000f2c00000,0x00000000f2c00000,0x00000000f3100000)
 ParOldGen       total 84992K, used 45655K [0x00000000c0000000, 0x00000000c5300000, 0x00000000eab00000)
  object space 84992K, 53% used [0x00000000c0000000,0x00000000c2c95e18,0x00000000c5300000)
 Metaspace       used 4410K, capacity 5424K, committed 5632K, reserved 1056768K
  class space    used 459K, capacity 488K, committed 512K, reserved 1048576K
}
Event: 1.272 GC heap before
{Heap before GC invocations=4 (full 0):
 PSYoungGen      total 68608K, used 68605K [0x00000000eab00000, 0x00000000f3100000, 0x0000000100000000)
  eden space 63488K, 100% used [0x00000000eab00000,0x00000000ee900000,0x00000000ee900000)
  from space 5120K, 99% used [0x00000000ee900000,0x00000000eedff468,0x00000000eee00000)
  to   space 5120K, 0% used [0x00000000f2c00000,0x00000000f2c00000,0x00000000f3100000)
 ParOldGen       total 84992K, used 45655K [0x00000000c0000000, 0x00000000c5300000, 0x00000000eab00000)
  object space 84992K, 53% used [0x00000000c0000000,0x00000000c2c95e18,0x00000000c5300000)
 Metaspace       used 4431K, capacity 5424K, committed 5632K, reserved 1056768K
  class space    used 459K, capacity 488K, committed 512K, reserved 1048576K
Event: 1.289 GC heap after
Heap after GC invocations=4 (full 0):
 PSYoungGen      total 132096K, used 3587K [0x00000000eab00000, 0x00000000f3100000, 0x0000000100000000)
  eden space 126976K, 0% used [0x00000000eab00000,0x00000000eab00000,0x00000000f2700000)
  from space 5120K, 70% used [0x00000000f2c00000,0x00000000f2f80fd8,0x00000000f3100000)
  to   space 5120K, 0% used [0x00000000f2700000,0x00000000f2700000,0x00000000f2c00000)
 ParOldGen       total 84992K, used 45663K [0x00000000c0000000, 0x00000000c5300000, 0x00000000eab00000)
  object space 84992K, 53% used [0x00000000c0000000,0x00000000c2c97e18,0x00000000c5300000)
 Metaspace       used 4431K, capacity 5424K, committed 5632K, reserved 1056768K
  class space    used 459K, capacity 488K, committed 512K, reserved 1048576K
}
Event: 1.756 GC heap before
{Heap before GC invocations=5 (full 0):
 PSYoungGen      total 132096K, used 130563K [0x00000000eab00000, 0x00000000f3100000, 0x0000000100000000)
  eden space 126976K, 100% used [0x00000000eab00000,0x00000000f2700000,0x00000000f2700000)
  from space 5120K, 70% used [0x00000000f2c00000,0x00000000f2f80fd8,0x00000000f3100000)
  to   space 5120K, 0% used [0x00000000f2700000,0x00000000f2700000,0x00000000f2c00000)
 ParOldGen       total 84992K, used 45663K [0x00000000c0000000, 0x00000000c5300000, 0x00000000eab00000)
  object space 84992K, 53% used [0x00000000c0000000,0x00000000c2c97e18,0x00000000c5300000)
 Metaspace       used 4749K, capacity 5464K, committed 5760K, reserved 1056768K
  class space    used 494K, capacity 528K, committed 640K, reserved 1048576K

Deoptimization events (10 events):
Event: 1.345 Thread 0x00007fd24000c000 Uncommon trap: reason=class_check action=maybe_recompile pc=0x00007fd230c38c7c method=java.util.HashMap.putVal(ILjava/lang/Object;Ljava/lang/Object;ZZ)Ljava/lang/Object; @ 56
Event: 1.345 Thread 0x00007fd24000c000 Uncommon trap: reason=class_check action=maybe_recompile pc=0x00007fd230c38ce4 method=java.util.HashMap.putVal(ILjava/lang/Object;Ljava/lang/Object;ZZ)Ljava/lang/Object; @ 152
Event: 1.345 Thread 0x00007fd24000c000 Uncommon trap: reason=class_check action=maybe_recompile pc=0x00007fd230c38ce4 method=java.util.HashMap.putVal(ILjava/lang/Object;Ljava/lang/Object;ZZ)Ljava/lang/Object; @ 152
Event: 1.348 Thread 0x00007fd24000c000 Uncommon trap: reason=bimorphic action=maybe_recompile pc=0x00007fd230c3c828 method=java.util.HashMap.getNode(ILjava/lang/Object;)Ljava/util/HashMap$Node; @ 126
Event: 1.348 Thread 0x00007fd24000c000 Uncommon trap: reason=bimorphic action=maybe_recompile pc=0x00007fd230c3c828 method=java.util.HashMap.getNode(ILjava/lang/Object;)Ljava/util/HashMap$Node; @ 126
Event: 1.349 Thread 0x00007fd24000c000 Uncommon trap: reason=bimorphic action=maybe_recompile pc=0x00007fd230c3c828 method=java.util.HashMap.getNode(ILjava/lang/Object;)Ljava/util/HashMap$Node; @ 126
Event: 1.349 Thread 0x00007fd24000c000 Uncommon trap: reason=bimorphic action=maybe_recompile pc=0x00007fd230c3c828 method=java.util.HashMap.getNode(ILjava/lang/Object;)Ljava/util/HashMap$Node; @ 126
Event: 1.505 Thread 0x00007fd24000c000 Uncommon trap: reason=unstable_if action=reinterpret pc=0x00007fd230bab320 method=com.android.dx.merge.DexMerger$IdMerger.readIntoMap(Lcom/android/dex/Dex$Section;Lcom/android/dex/TableOfContents$Section;Lcom/android/dx/merge/IndexMap;ILjava/util/TreeMap;
Event: 1.571 Thread 0x00007fd24000c000 Uncommon trap: reason=predicate action=maybe_recompile pc=0x00007fd230c9ba68 method=com.android.dex.Leb128.readUnsignedLeb128(Lcom/android/dex/util/ByteInput;)I @ 41
Event: 1.672 Thread 0x00007fd24000c000 Uncommon trap: reason=unstable_if action=reinterpret pc=0x00007fd230cfcc44 method=com.android.dx.merge.DexMerger.transformCode(Lcom/android/dex/Dex;Lcom/android/dex/Code;Lcom/android/dx/merge/IndexMap;)V @ 86

Classes redefined (0 events):
No events

Internal exceptions (3 events):
Event: 0.049 Thread 0x00007fd24000c000 Exception <a 'java/lang/NoSuchMethodError': Method sun.misc.Unsafe.defineClass(Ljava/lang/String;[BII)Ljava/lang/Class; name or signature does not match> (0x00000000eab07ca8) thrown at [/ssd/Android/AOSP-openjdk-git/jdk8u/hotspot/src/share/vm/prims/jni.cp
Event: 0.049 Thread 0x00007fd24000c000 Exception <a 'java/lang/NoSuchMethodError': Method sun.misc.Unsafe.prefetchRead(Ljava/lang/Object;J)V name or signature does not match> (0x00000000eab07f90) thrown at [/ssd/Android/AOSP-openjdk-git/jdk8u/hotspot/src/share/vm/prims/jni.cpp, line 4011]
Event: 1.505 Thread 0x00007fd24000c000 Implicit null exception at 0x00007fd230baa332 to 0x00007fd230bab2fd

Events (10 events):
Event: 1.621 loading class java/util/Collections$EmptyIterator
Event: 1.621 loading class java/util/Collections$EmptyIterator done
Event: 1.629 Thread 0x00007fd24000c000 DEOPT PACKING pc=0x00007fd230c1d9cf sp=0x00007fd246268350
Event: 1.629 Thread 0x00007fd24000c000 DEOPT UNPACKING pc=0x00007fd2309ea373 sp=0x00007fd2462680c0 mode 0
Event: 1.672 Thread 0x00007fd24000c000 Uncommon trap: trap_request=0xffffff65 fr.pc=0x00007fd230cfcc44
Event: 1.672 Thread 0x00007fd24000c000 DEOPT PACKING pc=0x00007fd230cfcc44 sp=0x00007fd2462683b0
Event: 1.672 Thread 0x00007fd24000c000 DEOPT UNPACKING pc=0x00007fd2309a7f69 sp=0x00007fd246268380 mode 2
Event: 1.697 loading class com/android/dex/Dex$1
Event: 1.697 loading class com/android/dex/Dex$1 done
Event: 1.756 Executing VM operation: ParallelGCFailedAllocation


Dynamic libraries:
00400000-00401000 r-xp 00000000 00:16 230939                             /opt/android-studio/jre/bin/java
00600000-00601000 r--p 00000000 00:16 230939                             /opt/android-studio/jre/bin/java
00601000-00602000 rw-p 00001000 00:16 230939                             /opt/android-studio/jre/bin/java
00ab3000-00ad4000 rw-p 00000000 00:00 0                                  [heap]
c0000000-c5300000 rw-p 00000000 00:00 0 
c5300000-eab00000 ---p 00000000 00:00 0 
eab00000-f3100000 rw-p 00000000 00:00 0 
feb00000-100000000 ---p 00000000 00:00 0 
100000000-1000a0000 rw-p 00000000 00:00 0 
1000a0000-140000000 ---p 00000000 00:00 0 
7fd1f0000000-7fd1f0021000 rw-p 00000000 00:00 0 
7fd1f0021000-7fd1f4000000 ---p 00000000 00:00 0 
7fd1f4000000-7fd1f4021000 rw-p 00000000 00:00 0 
7fd1f4021000-7fd1f8000000 ---p 00000000 00:00 0 
7fd1f8000000-7fd1f86c7000 rw-p 00000000 00:00 0 
7fd1f86c7000-7fd1fc000000 ---p 00000000 00:00 0 
7fd1fc000000-7fd1fc40e000 rw-p 00000000 00:00 0 
7fd1fc40e000-7fd200000000 ---p 00000000 00:00 0 
7fd200000000-7fd200021000 rw-p 00000000 00:00 0 
7fd200021000-7fd204000000 ---p 00000000 00:00 0 
7fd204000000-7fd204958000 rw-p 00000000 00:00 0 
7fd204958000-7fd208000000 ---p 00000000 00:00 0 
7fd208000000-7fd208021000 rw-p 00000000 00:00 0 
7fd208021000-7fd20c000000 ---p 00000000 00:00 0 
7fd20c000000-7fd20c021000 rw-p 00000000 00:00 0 
7fd20c021000-7fd210000000 ---p 00000000 00:00 0 
7fd210000000-7fd210021000 rw-p 00000000 00:00 0 
7fd210021000-7fd214000000 ---p 00000000 00:00 0 
7fd214000000-7fd214280000 rw-p 00000000 00:00 0 
7fd214280000-7fd218000000 ---p 00000000 00:00 0 
7fd218000000-7fd218021000 rw-p 00000000 00:00 0 
7fd218021000-7fd21c000000 ---p 00000000 00:00 0 
7fd220000000-7fd220021000 rw-p 00000000 00:00 0 
7fd220021000-7fd224000000 ---p 00000000 00:00 0 
7fd22775e000-7fd22775f000 ---p 00000000 00:00 0 
7fd22775f000-7fd22785f000 rw-p 00000000 00:00 0 
7fd22785f000-7fd227862000 ---p 00000000 00:00 0 
7fd227862000-7fd227960000 rw-p 00000000 00:00 0 
7fd227960000-7fd227963000 ---p 00000000 00:00 0 
7fd227963000-7fd227a61000 rw-p 00000000 00:00 0 
7fd227a61000-7fd227a64000 ---p 00000000 00:00 0 
7fd227a64000-7fd227b62000 rw-p 00000000 00:00 0 
7fd227b62000-7fd227b65000 ---p 00000000 00:00 0 
7fd227b65000-7fd227c63000 rw-p 00000000 00:00 0 
7fd227c63000-7fd227c66000 ---p 00000000 00:00 0 
7fd227c66000-7fd227d64000 rw-p 00000000 00:00 0 
7fd227d64000-7fd227eff000 r--p 00000000 00:16 590221                     /usr/lib/locale/locale-archive
7fd227eff000-7fd227f02000 ---p 00000000 00:00 0 
7fd227f02000-7fd228000000 rw-p 00000000 00:00 0 
7fd228000000-7fd228021000 rw-p 00000000 00:00 0 
7fd228021000-7fd22c000000 ---p 00000000 00:00 0 
7fd22c08c000-7fd22c08f000 ---p 00000000 00:00 0 
7fd22c08f000-7fd22c18d000 rw-p 00000000 00:00 0 
7fd22c18d000-7fd22c18e000 ---p 00000000 00:00 0 
7fd22c18e000-7fd22d242000 rw-p 00000000 00:00 0 
7fd22d242000-7fd22d412000 r--s 03c46000 00:16 230795                     /opt/android-studio/jre/jre/lib/rt.jar
7fd22d412000-7fd22d988000 rw-p 00000000 00:00 0 
7fd22d988000-7fd22dc88000 ---p 00000000 00:00 0 
7fd22dc88000-7fd22fe88000 rw-p 00000000 00:00 0 
7fd22fe88000-7fd22fe89000 ---p 00000000 00:00 0 
7fd22fe89000-7fd22ff89000 rw-p 00000000 00:00 0 
7fd22ff89000-7fd22ff8a000 ---p 00000000 00:00 0 
7fd22ff8a000-7fd23008a000 rw-p 00000000 00:00 0 
7fd23008a000-7fd23008b000 ---p 00000000 00:00 0 
7fd23008b000-7fd23018b000 rw-p 00000000 00:00 0 
7fd23018b000-7fd23018c000 ---p 00000000 00:00 0 
7fd23018c000-7fd2302b6000 rw-p 00000000 00:00 0 
7fd2302b6000-7fd2303e2000 ---p 00000000 00:00 0 
7fd2303e2000-7fd23040c000 rw-p 00000000 00:00 0 
7fd23040c000-7fd230537000 ---p 00000000 00:00 0 
7fd230537000-7fd23057b000 rw-p 00000000 00:00 0 
7fd23057b000-7fd2305e2000 ---p 00000000 00:00 0 
7fd2305e2000-7fd2305f3000 rw-p 00000000 00:00 0 
7fd2305f3000-7fd2309a3000 ---p 00000000 00:00 0 
7fd2309a3000-7fd230d73000 rwxp 00000000 00:00 0 
7fd230d73000-7fd23f9a3000 ---p 00000000 00:00 0 
7fd23f9a3000-7fd23f9bd000 r-xp 00000000 00:16 230872                     /opt/android-studio/jre/jre/lib/amd64/libzip.so
7fd23f9bd000-7fd23fbbd000 ---p 0001a000 00:16 230872                     /opt/android-studio/jre/jre/lib/amd64/libzip.so
7fd23fbbd000-7fd23fbbe000 r--p 0001a000 00:16 230872                     /opt/android-studio/jre/jre/lib/amd64/libzip.so
7fd23fbbe000-7fd23fbbf000 rw-p 0001b000 00:16 230872                     /opt/android-studio/jre/jre/lib/amd64/libzip.so
7fd23fbbf000-7fd23fbca000 r-xp 00000000 00:16 588756                     /usr/lib/libnss_files-2.26.so
7fd23fbca000-7fd23fdc9000 ---p 0000b000 00:16 588756                     /usr/lib/libnss_files-2.26.so
7fd23fdc9000-7fd23fdca000 r--p 0000a000 00:16 588756                     /usr/lib/libnss_files-2.26.so
7fd23fdca000-7fd23fdcb000 rw-p 0000b000 00:16 588756                     /usr/lib/libnss_files-2.26.so
7fd23fdcb000-7fd23fdd1000 rw-p 00000000 00:00 0 
7fd23fdd1000-7fd23fdfe000 r-xp 00000000 00:16 230871                     /opt/android-studio/jre/jre/lib/amd64/libjava.so
7fd23fdfe000-7fd23fffd000 ---p 0002d000 00:16 230871                     /opt/android-studio/jre/jre/lib/amd64/libjava.so
7fd23fffd000-7fd23fffe000 r--p 0002c000 00:16 230871                     /opt/android-studio/jre/jre/lib/amd64/libjava.so
7fd23fffe000-7fd240000000 rw-p 0002d000 00:16 230871                     /opt/android-studio/jre/jre/lib/amd64/libjava.so
7fd240000000-7fd240386000 rw-p 00000000 00:00 0 
7fd240386000-7fd244000000 ---p 00000000 00:00 0 
7fd244004000-7fd244012000 r--s 000e0000 00:16 303334                     /home/max/Android/Sdk/build-tools/25.0.3/lib/dx.jar
7fd244012000-7fd244022000 r-xp 00000000 00:16 230877                     /opt/android-studio/jre/jre/lib/amd64/libverify.so
7fd244022000-7fd244221000 ---p 00010000 00:16 230877                     /opt/android-studio/jre/jre/lib/amd64/libverify.so
7fd244221000-7fd244223000 r--p 0000f000 00:16 230877                     /opt/android-studio/jre/jre/lib/amd64/libverify.so
7fd244223000-7fd244224000 rw-p 00011000 00:16 230877                     /opt/android-studio/jre/jre/lib/amd64/libverify.so
7fd244224000-7fd24422b000 r-xp 00000000 00:16 588748                     /usr/lib/librt-2.26.so
7fd24422b000-7fd24442a000 ---p 00007000 00:16 588748                     /usr/lib/librt-2.26.so
7fd24442a000-7fd24442b000 r--p 00006000 00:16 588748                     /usr/lib/librt-2.26.so
7fd24442b000-7fd24442c000 rw-p 00007000 00:16 588748                     /usr/lib/librt-2.26.so
7fd24442c000-7fd244577000 r-xp 00000000 00:16 588751                     /usr/lib/libm-2.26.so
7fd244577000-7fd244776000 ---p 0014b000 00:16 588751                     /usr/lib/libm-2.26.so
7fd244776000-7fd244777000 r--p 0014a000 00:16 588751                     /usr/lib/libm-2.26.so
7fd244777000-7fd244778000 rw-p 0014b000 00:16 588751                     /usr/lib/libm-2.26.so
7fd244778000-7fd245370000 r-xp 00000000 00:16 230905                     /opt/android-studio/jre/jre/lib/amd64/server/libjvm.so
7fd245370000-7fd245570000 ---p 00bf8000 00:16 230905                     /opt/android-studio/jre/jre/lib/amd64/server/libjvm.so
7fd245570000-7fd24560f000 r--p 00bf8000 00:16 230905                     /opt/android-studio/jre/jre/lib/amd64/server/libjvm.so
7fd24560f000-7fd245638000 rw-p 00c97000 00:16 230905                     /opt/android-studio/jre/jre/lib/amd64/server/libjvm.so
7fd245638000-7fd24567c000 rw-p 00000000 00:00 0 
7fd24567c000-7fd245695000 r-xp 00000000 00:16 588824                     /usr/lib/libpthread-2.26.so
7fd245695000-7fd245894000 ---p 00019000 00:16 588824                     /usr/lib/libpthread-2.26.so
7fd245894000-7fd245895000 r--p 00018000 00:16 588824                     /usr/lib/libpthread-2.26.so
7fd245895000-7fd245896000 rw-p 00019000 00:16 588824                     /usr/lib/libpthread-2.26.so
7fd245896000-7fd24589a000 rw-p 00000000 00:00 0 
7fd24589a000-7fd24589d000 r-xp 00000000 00:16 588752                     /usr/lib/libdl-2.26.so
7fd24589d000-7fd245a9c000 ---p 00003000 00:16 588752                     /usr/lib/libdl-2.26.so
7fd245a9c000-7fd245a9d000 r--p 00002000 00:16 588752                     /usr/lib/libdl-2.26.so
7fd245a9d000-7fd245a9e000 rw-p 00003000 00:16 588752                     /usr/lib/libdl-2.26.so
7fd245a9e000-7fd245c4c000 r-xp 00000000 00:16 588805                     /usr/lib/libc-2.26.so
7fd245c4c000-7fd245e4b000 ---p 001ae000 00:16 588805                     /usr/lib/libc-2.26.so
7fd245e4b000-7fd245e4f000 r--p 001ad000 00:16 588805                     /usr/lib/libc-2.26.so
7fd245e4f000-7fd245e51000 rw-p 001b1000 00:16 588805                     /usr/lib/libc-2.26.so
7fd245e51000-7fd245e55000 rw-p 00000000 00:00 0 
7fd245e55000-7fd245e6b000 r-xp 00000000 00:16 230937                     /opt/android-studio/jre/lib/amd64/jli/libjli.so
7fd245e6b000-7fd24606a000 ---p 00016000 00:16 230937                     /opt/android-studio/jre/lib/amd64/jli/libjli.so
7fd24606a000-7fd24606b000 r--p 00015000 00:16 230937                     /opt/android-studio/jre/lib/amd64/jli/libjli.so
7fd24606b000-7fd24606c000 rw-p 00016000 00:16 230937                     /opt/android-studio/jre/lib/amd64/jli/libjli.so
7fd24606c000-7fd246091000 r-xp 00000000 00:16 588806                     /usr/lib/ld-2.26.so
7fd246093000-7fd246098000 r--s 0009a000 00:16 230819                     /opt/android-studio/jre/jre/lib/jsse.jar
7fd246098000-7fd246169000 rw-p 00000000 00:00 0 
7fd246169000-7fd24616c000 ---p 00000000 00:00 0 
7fd24616c000-7fd24626c000 rw-p 00000000 00:00 0 
7fd246270000-7fd246284000 rw-p 00000000 00:00 0 
7fd246284000-7fd24628c000 rw-s 00000000 00:2b 3063049                    /tmp/hsperfdata_max/28135
7fd24628c000-7fd24628d000 rw-p 00000000 00:00 0 
7fd24628d000-7fd24628e000 ---p 00000000 00:00 0 
7fd24628e000-7fd246290000 rw-p 00000000 00:00 0 
7fd246290000-7fd246291000 r--p 00024000 00:16 588806                     /usr/lib/ld-2.26.so
7fd246291000-7fd246292000 rw-p 00025000 00:16 588806                     /usr/lib/ld-2.26.so
7fd246292000-7fd246293000 rw-p 00000000 00:00 0 
7ffdab262000-7ffdab283000 rw-p 00000000 00:00 0                          [stack]
7ffdab3f5000-7ffdab3f8000 r--p 00000000 00:00 0                          [vvar]
7ffdab3f8000-7ffdab3fa000 r-xp 00000000 00:00 0                          [vdso]
ffffffffff600000-ffffffffff601000 r-xp 00000000 00:00 0                  [vsyscall]

VM Arguments:
jvm_args: -Djava.awt.headless=true -Xmx1024M -Dfile.encoding=UTF-8 -Duser.country=US -Duser.language=en -Duser.variant 
java_command: com.android.dx.command.Main --dex --num-threads=4 --output /home/max/StudioProjects/flow/TeamCode/build/intermediates/transforms/dex/debug/folders/1000/1f/main /home/max/StudioProjects/flow/TeamCode/build/intermediates/pre-dexed/debug/gson-2.8.0_ebc8412959e2a88206b9cac5dab9a06f80f9a451.jar /home/max/StudioProjects/flow/TeamCode/build/intermediates/pre-dexed/debug/classes_1477a65a2e2c61b604ba64b50e53cdd3c53fa064.jar /home/max/StudioProjects/flow/TeamCode/build/intermediates/pre-dexed/debug/Vuforia_537225db41c14a62c1683553d4f68cd41e240f14.jar /home/max/StudioProjects/flow/TeamCode/build/intermediates/pre-dexed/debug/classes_14020e728175af385e267321153716db7516fb26.jar /home/max/StudioProjects/flow/TeamCode/build/intermediates/pre-dexed/debug/kotlin-stdlib-1.1.51_54e272e3960683fe5e802c606ade13710bf588fe.jar /home/max/StudioProjects/flow/TeamCode/build/intermediates/pre-dexed/debug/classes_64a50d7fda9a27eb869f0c724701af552c7ce826.jar /home/max/StudioProjects/flow/TeamCode/build/intermediates/pre-dexed/debug/classes_52929b2dfee9e87a54cbfea7c51d5a9879457ea1.jar /home/max/StudioProjects/flow/TeamCode/build/intermediates/pre-dexed/debug/javac_bc09d28ec21ab7acdb7c577a58187285a7e6e415.jar /home/max/StudioProjects/flow/TeamCode/build/intermediates/pre-dexed/debug/classes_26519d7ec29d6fb7cb40d91126cd6f4261d92667.jar /home/max/StudioProjects/flow/TeamCode/build/intermediates/pre-dexed/debug/kotlin-stdlib-jre7-1.1.51_47648b616751c7b904d946508276da884e223155.jar /home/max/StudioProjects/flow/TeamCode/build/intermediates/pre-dexed/debug/classes_5f278f14c0ce92597f3c6575242d9d51574c6624.jar /home/max/StudioProjects/flow/TeamCode/build/intermediates/pre-dexed/debug/gson-extras-0.2.1_21b8e43bc040090abf3a7c5582f49195bfa6b86f.jar /home/max/StudioProjects/flow/TeamCode/build/intermediates/pre-dexed/debug/kotlin-reflect-1.1.51_4823ff8d5e2ad3d57467f8bff6163f0e68ad5a2b.jar /home/max/StudioProjects/flow/TeamCode/build/intermediates/pre-dexed/debug/classes_30f031bda87b863e660f2
java_class_path (initial): /home/max/Android/Sdk/build-tools/25.0.3/lib/dx.jar
Launcher Type: SUN_STANDARD

Environment Variables:
PATH=/usr/sbin:/sbin:/home/max/bin:/usr/local/bin:/usr/bin:/bin:/usr/local/sbin:/usr/lib/jvm/default/bin:/usr/bin/site_perl:/usr/bin/vendor_perl:/usr/bin/core_perl
LD_LIBRARY_PATH=/opt/android-studio/bin:
SHELL=/bin/zsh
DISPLAY=:0

Signal Handlers:
SIGSEGV: [libjvm.so+0x9ebc60], sa_mask[0]=11111111011111111101111111111110, sa_flags=SA_RESTART|SA_SIGINFO
SIGBUS: [libjvm.so+0x9ebc60], sa_mask[0]=11111111011111111101111111111110, sa_flags=SA_RESTART|SA_SIGINFO
SIGFPE: [libjvm.so+0x84cf60], sa_mask[0]=11111111011111111101111111111110, sa_flags=SA_RESTART|SA_SIGINFO
SIGPIPE: [libjvm.so+0x84cf60], sa_mask[0]=11111111011111111101111111111110, sa_flags=SA_RESTART|SA_SIGINFO
SIGXFSZ: [libjvm.so+0x84cf60], sa_mask[0]=11111111011111111101111111111110, sa_flags=SA_RESTART|SA_SIGINFO
SIGILL: [libjvm.so+0x84cf60], sa_mask[0]=11111111011111111101111111111110, sa_flags=SA_RESTART|SA_SIGINFO
SIGUSR1: SIG_DFL, sa_mask[0]=00000000000000000000000000000000, sa_flags=none
SIGUSR2: [libjvm.so+0x84ce30], sa_mask[0]=00100000000000000000000000000000, sa_flags=SA_RESTART|SA_SIGINFO
SIGHUP: [libjvm.so+0x84d020], sa_mask[0]=11111111011111111101111111111110, sa_flags=SA_RESTART|SA_SIGINFO
SIGINT: [libjvm.so+0x84d020], sa_mask[0]=11111111011111111101111111111110, sa_flags=SA_RESTART|SA_SIGINFO
SIGTERM: [libjvm.so+0x84d020], sa_mask[0]=11111111011111111101111111111110, sa_flags=SA_RESTART|SA_SIGINFO
SIGQUIT: [libjvm.so+0x84d020], sa_mask[0]=11111111011111111101111111111110, sa_flags=SA_RESTART|SA_SIGINFO


---------------  S Y S T E M  ---------------

OS:LSB_VERSION=1.4
DISTRIB_ID=ArchLabs
DISTRIB_RELEASE=x86_64
DISTRIB_CODENAME=Minimo
DISTRIB_DESCRIPTION="ArchLabs"

uname:Linux 4.14.13-1-ARCH #1 SMP PREEMPT Wed Jan 10 11:14:50 UTC 2018 x86_64
libc:glibc 2.26 NPTL 2.26 
rlimit: STACK 8192k, CORE infinity, NPROC 31098, NOFILE 4096, AS infinity
load average:1.15 0.96 0.99

/proc/meminfo:
MemTotal:        8048980 kB
MemFree:          112040 kB
MemAvailable:      60732 kB
Buffers:              32 kB
Cached:           759016 kB
SwapCached:            0 kB
Active:          6909616 kB
Inactive:         683204 kB
Active(anon):    6846708 kB
Inactive(anon):   632716 kB
Active(file):      62908 kB
Inactive(file):    50488 kB
Unevictable:           0 kB
Mlocked:               0 kB
SwapTotal:             0 kB
SwapFree:              0 kB
Dirty:              1192 kB
Writeback:             0 kB
AnonPages:       6833860 kB
Mapped:           422556 kB
Shmem:            645492 kB
Slab:             132960 kB
SReclaimable:      53648 kB
SUnreclaim:        79312 kB
KernelStack:       15952 kB
PageTables:        75136 kB
NFS_Unstable:          0 kB
Bounce:                0 kB
WritebackTmp:          0 kB
CommitLimit:     4024488 kB
Committed_AS:   16344884 kB
VmallocTotal:   34359738367 kB
VmallocUsed:           0 kB
VmallocChunk:          0 kB
HardwareCorrupted:     0 kB
AnonHugePages:   1439744 kB
ShmemHugePages:        0 kB
ShmemPmdMapped:        0 kB
HugePages_Total:       0
HugePages_Free:        0
HugePages_Rsvd:        0
HugePages_Surp:        0
Hugepagesize:       2048 kB
DirectMap4k:     1294640 kB
DirectMap2M:     6971392 kB
DirectMap1G:     1048576 kB


CPU:total 4 (initial active 4) (2 cores per cpu, 2 threads per core) family 6 model 69 stepping 1, cmov, cx8, fxsr, mmx, sse, sse2, sse3, ssse3, sse4.1, sse4.2, popcnt, avx, avx2, aes, clmul, erms, rtm, lzcnt, ht, tsc, tscinvbit, bmi1, bmi2

/proc/cpuinfo:
processor	: 0
vendor_id	: GenuineIntel
cpu family	: 6
model		: 69
model name	: Intel(R) Core(TM) i7-4600U CPU @ 2.10GHz
stepping	: 1
microcode	: 0x17
cpu MHz		: 2977.463
cache size	: 4096 KB
physical id	: 0
siblings	: 4
core id		: 0
cpu cores	: 2
apicid		: 0
initial apicid	: 0
fpu		: yes
fpu_exception	: yes
cpuid level	: 13
wp		: yes
flags		: fpu vme de pse tsc msr pae mce cx8 apic sep mtrr pge mca cmov pat pse36 clflush dts acpi mmx fxsr sse sse2 ss ht tm pbe syscall nx pdpe1gb rdtscp lm constant_tsc arch_perfmon pebs bts rep_good nopl xtopology nonstop_tsc cpuid aperfmperf pni pclmulqdq dtes64 monitor ds_cpl vmx smx est tm2 ssse3 sdbg fma cx16 xtpr pdcm pcid sse4_1 sse4_2 x2apic movbe popcnt aes xsave avx f16c rdrand lahf_lm abm cpuid_fault epb invpcid_single pti tpr_shadow vnmi flexpriority ept vpid fsgsbase tsc_adjust bmi1 hle avx2 smep bmi2 erms invpcid rtm xsaveopt dtherm ida arat pln pts
bugs		: cpu_meltdown
bogomips	: 5389.23
clflush size	: 64
cache_alignment	: 64
address sizes	: 39 bits physical, 48 bits virtual
power management:

processor	: 1
vendor_id	: GenuineIntel
cpu family	: 6
model		: 69
model name	: Intel(R) Core(TM) i7-4600U CPU @ 2.10GHz
stepping	: 1
microcode	: 0x17
cpu MHz		: 3028.034
cache size	: 4096 KB
physical id	: 0
siblings	: 4
core id		: 0
cpu cores	: 2
apicid		: 1
initial apicid	: 1
fpu		: yes
fpu_exception	: yes
cpuid level	: 13
wp		: yes
flags		: fpu vme de pse tsc msr pae mce cx8 apic sep mtrr pge mca cmov pat pse36 clflush dts acpi mmx fxsr sse sse2 ss ht tm pbe syscall nx pdpe1gb rdtscp lm constant_tsc arch_perfmon pebs bts rep_good nopl xtopology nonstop_tsc cpuid aperfmperf pni pclmulqdq dtes64 monitor ds_cpl vmx smx est tm2 ssse3 sdbg fma cx16 xtpr pdcm pcid sse4_1 sse4_2 x2apic movbe popcnt aes xsave avx f16c rdrand lahf_lm abm cpuid_fault epb invpcid_single pti tpr_shadow vnmi flexpriority ept vpid fsgsbase tsc_adjust bmi1 hle avx2 smep bmi2 erms invpcid rtm xsaveopt dtherm ida arat pln pts
bugs		: cpu_meltdown
bogomips	: 5389.23
clflush size	: 64
cache_alignment	: 64
address sizes	: 39 bits physical, 48 bits virtual
power management:

processor	: 2
vendor_id	: GenuineIntel
cpu family	: 6
model		: 69
model name	: Intel(R) Core(TM) i7-4600U CPU @ 2.10GHz
stepping	: 1
microcode	: 0x17
cpu MHz		: 2988.173
cache size	: 4096 KB
physical id	: 0
siblings	: 4
core id		: 1
cpu cores	: 2
apicid		: 2
initial apicid	: 2
fpu		: yes
fpu_exception	: yes
cpuid level	: 13
wp		: yes
flags		: fpu vme de pse tsc msr pae mce cx8 apic sep mtrr pge mca cmov pat pse36 clflush dts acpi mmx fxsr sse sse2 ss ht tm pbe syscall nx pdpe1gb rdtscp lm constant_tsc arch_perfmon pebs bts rep_good nopl xtopology nonstop_tsc cpuid aperfmperf pni pclmulqdq dtes64 monitor ds_cpl vmx smx est tm2 ssse3 sdbg fma cx16 xtpr pdcm pcid sse4_1 sse4_2 x2apic movbe popcnt aes xsave avx f16c rdrand lahf_lm abm cpuid_fault epb invpcid_single pti tpr_shadow vnmi flexpriority ept vpid fsgsbase tsc_adjust bmi1 hle avx2 smep bmi2 erms invpcid rtm xsaveopt dtherm ida arat pln pts
bugs		: cpu_meltdown
bogomips	: 5389.23
clflush size	: 64
cache_alignment	: 64
address sizes	: 39 bits physical, 48 bits virtual
power management:

processor	: 3
vendor_id	: GenuineIntel
cpu family	: 6
model		: 69
model name	: Intel(R) Core(TM) i7-4600U CPU @ 2.10GHz
stepping	: 1
microcode	: 0x17
cpu MHz		: 2970.240
cache size	: 4096 KB
physical id	: 0
siblings	: 4
core id		: 1
cpu cores	: 2
apicid		: 3
initial apicid	: 3
fpu		: yes
fpu_exception	: yes
cpuid level	: 13
wp		: yes
flags		: fpu vme de pse tsc msr pae mce cx8 apic sep mtrr pge mca cmov pat pse36 clflush dts acpi mmx fxsr sse sse2 ss ht tm pbe syscall nx pdpe1gb rdtscp lm constant_tsc arch_perfmon pebs bts rep_good nopl xtopology nonstop_tsc cpuid aperfmperf pni pclmulqdq dtes64 monitor ds_cpl vmx smx est tm2 ssse3 sdbg fma cx16 xtpr pdcm pcid sse4_1 sse4_2 x2apic movbe popcnt aes xsave avx f16c rdrand lahf_lm abm cpuid_fault epb invpcid_single pti tpr_shadow vnmi flexpriority ept vpid fsgsbase tsc_adjust bmi1 hle avx2 smep bmi2 erms invpcid rtm xsaveopt dtherm ida arat pln pts
bugs		: cpu_meltdown
bogomips	: 5389.23
clflush size	: 64
cache_alignment	: 64
address sizes	: 39 bits physical, 48 bits virtual
power management:



Memory: 4k page, physical 8048980k(134092k free), swap 0k(0k free)

vm_info: OpenJDK 64-Bit Server VM (25.152-b01) for linux-amd64 JRE (1.8.0_152-release-915-b01), built by "builder" with gcc 4.8.4

time: Tue Jan 23 19:31:31 2018
elapsed time: 1 seconds (0d 0h 0m 1s)

